<?xml version="1.0" encoding="UTF-8"?><testrun name="TesteCampoTreinamento.deveVerificarValoresComboMultiplo" project="CursoSelenium" tests="1" started="1" failures="0" errors="1" ignored="0">
  <testsuite name="TesteCampoTreinamento" time="5.063" uniqueid="[engine:junit-vintage]/[runner:TesteCampoTreinamento]">
    <testcase name="deveVerificarValoresComboMultiplo" classname="TesteCampoTreinamento" time="5.063" displayname="deveVerificarValoresComboMultiplo" uniqueid="[engine:junit-vintage]/[runner:TesteCampoTreinamento]/[test:deveVerificarValoresComboMultiplo(TesteCampoTreinamento)]">
      <error>org.openqa.selenium.NoSuchElementException: Cannot locate option with text: O que eh esporte
For documentation on this error, please visit: https://www.selenium.dev/documentation/webdriver/troubleshooting/errors#no-such-element-exception
Build info: version: '4.10.0', revision: 'c14d967899'
System info: os.name: 'Windows 11', os.arch: 'amd64', os.version: '10.0', java.version: '17.0.13'
Driver info: driver.version: unknown&#13;
	at org.openqa.selenium.support.ui.Select.selectByVisibleText(Select.java:153)&#13;
	at TesteCampoTreinamento.deveVerificarValoresComboMultiplo(TesteCampoTreinamento.java:106)&#13;
	at java.base/java.lang.reflect.Method.invoke(Method.java:569)&#13;
&#13;
</error>
    </testcase>
  </testsuite>
</testrun>
